
> frontend@1.0.0 dev
> vite --host --host 0.0.0.0 --port 8080


  [32m[1mVITE[22m v7.3.2[39m  [2mready in [0m[1m1542[22m[2m[0m ms[22m

  [32m➜[39m  [1mLocal[22m:   [36mhttp://localhost:[1m8080[22m/[39m
  [32m➜[39m  [1mNetwork[22m: [36mhttp://172.30.1.7:[1m8080[22m/[39m
[2m[32m  ➜[39m[22m[2m  press [22m[1mh + enter[22m[2m to show help[22m
[2mPM 7:06:10[22m [36m[1m[vite][22m[39m [90m[2m(client)[22m[39m [32mhmr update [39m[2m/src/pages/DashboardPage.jsx, /src/index.css[22m
[2mPM 7:06:57[22m [36m[1m[vite][22m[39m [90m[2m(client)[22m[39m [32mhmr update [39m[2m/src/pages/DashboardPage.jsx, /src/index.css[22m
[2mPM 7:07:03[22m [36m[1m[vite][22m[39m [90m[2m(client)[22m[39m [32mhmr update [39m[2m/src/pages/DashboardPage.jsx, /src/index.css[22m
[2mPM 7:08:25[22m [36m[1m[vite][22m[39m [90m[2m(client)[22m[39m [32mhmr update [39m[2m/src/pages/DashboardPage.jsx, /src/index.css[22m
[2mPM 7:10:18[22m [36m[1m[vite][22m[39m [90m[2m(client)[22m[39m [32mhmr update [39m[2m/src/pages/DashboardPage.jsx, /src/index.css[22m
[2mPM 7:11:16[22m [36m[1m[vite][22m[39m [90m[2m(client)[22m[39m [32mhmr update [39m[2m/src/index.css[22m
[2mPM 7:11:21[22m [36m[1m[vite][22m[39m [90m[2m(client)[22m[39m [32mhmr update [39m[2m/src/pages/ScoreSheetViewPage.jsx, /src/index.css[22m
[2mPM 7:12:07[22m [36m[1m[vite][22m[39m [90m[2m(client)[22m[39m [32mhmr update [39m[2m/src/index.css[22m
[2mPM 7:12:07[22m [36m[1m[vite][22m[39m [90m[2m(client)[22m[39m [32mhmr update [39m[2m/src/pages/ScoreSheetViewPage.jsx, /src/index.css[22m
[2mPM 7:12:19[22m [36m[1m[vite][22m[39m [90m[2m(client)[22m[39m [32mhmr update [39m[2m/src/index.css[22m
[2mPM 7:13:10[22m [36m[1m[vite][22m[39m [90m[2m(client)[22m[39m [32mhmr update [39m[2m/src/index.css[22m
[2mPM 7:13:54[22m [36m[1m[vite][22m[39m [90m[2m(client)[22m[39m [32mhmr update [39m[2m/src/index.css[22m
[2mPM 7:14:27[22m [36m[1m[vite][22m[39m [90m[2m(client)[22m[39m [32mhmr update [39m[2m/src/index.css[22m
[2mPM 7:14:41[22m [36m[1m[vite][22m[39m [90m[2m(client)[22m[39m [32mhmr update [39m[2m/src/index.css[22m
[2mPM 7:15:36[22m [36m[1m[vite][22m[39m [90m[2m(client)[22m[39m [32mhmr update [39m[2m/src/pages/ScoreSheetViewPage.jsx, /src/index.css[22m
[2mPM 7:16:15[22m [36m[1m[vite][22m[39m [90m[2m(client)[22m[39m [32mhmr update [39m[2m/src/pages/ScoreSheetViewPage.jsx, /src/index.css[22m
[2mPM 7:17:12[22m [36m[1m[vite][22m[39m [90m[2m(client)[22m[39m [32mhmr update [39m[2m/src/pages/ScoreSheetViewPage.jsx, /src/index.css[22m
[2mPM 7:17:56[22m [36m[1m[vite][22m[39m [90m[2m(client)[22m[39m [32mhmr update [39m[2m/src/index.css[22m
[2mPM 7:17:56[22m [36m[1m[vite][22m[39m [90m[2m(client)[22m[39m [32mhmr update [39m[2m/src/pages/ScoreSheetViewPage.jsx, /src/index.css[22m
[2mPM 7:18:02[22m [36m[1m[vite][22m[39m [90m[2m(client)[22m[39m [32mhmr update [39m[2m/src/pages/ScoreSheetViewPage.jsx, /src/index.css[22m
[2mPM 7:18:06[22m [36m[1m[vite][22m[39m [90m[2m(client)[22m[39m [32mhmr update [39m[2m/src/pages/ScoreSheetViewPage.jsx, /src/index.css[22m
[2mPM 7:18:38[22m [36m[1m[vite][22m[39m [90m[2m(client)[22m[39m [32mhmr update [39m[2m/src/pages/ScoreSheetViewPage.jsx, /src/index.css[22m
[2mPM 7:19:19[22m [36m[1m[vite][22m[39m [90m[2m(client)[22m[39m [32mhmr update [39m[2m/src/pages/ScoreSheetViewPage.jsx, /src/index.css[22m
[2mPM 7:20:21[22m [36m[1m[vite][22m[39m [90m[2m(client)[22m[39m [32mhmr update [39m[2m/src/pages/ScoreSheetViewPage.jsx, /src/index.css[22m
[2mPM 7:20:38[22m [36m[1m[vite][22m[39m [90m[2m(client)[22m[39m [32mhmr update [39m[2m/src/pages/ScoreSheetViewPage.jsx, /src/index.css[22m
[2mPM 7:22:00[22m [36m[1m[vite][22m[39m [90m[2m(client)[22m[39m [32mhmr update [39m[2m/src/pages/DashboardPage.jsx, /src/index.css[22m
[2mPM 7:25:07[22m [36m[1m[vite][22m[39m [90m[2m(client)[22m[39m [32mhmr update [39m[2m/src/pages/LeaguePage.jsx, /src/index.css[22m
[2mPM 7:26:53[22m [36m[1m[vite][22m[39m [90m[2m(client)[22m[39m [32mhmr update [39m[2m/src/pages/LeaguePage.jsx, /src/index.css[22m
[2mPM 7:30:05[22m [36m[1m[vite][22m[39m [90m[2m(client)[22m[39m [32mhmr update [39m[2m/src/pages/DashboardPage.jsx, /src/index.css[22m
[2mPM 7:30:05[22m [36m[1m[vite][22m[39m [90m[2m(client)[22m[39m [32mhmr update [39m[2m/src/pages/ScoreSheetViewPage.jsx, /src/index.css[22m
[2mPM 7:30:05[22m [36m[1m[vite][22m[39m [90m[2m(client)[22m[39m [32mhmr update [39m[2m/src/pages/LeaguePage.jsx, /src/index.css[22m
[2mPM 7:30:50[22m [36m[1m[vite][22m[39m [90m[2m(client)[22m[39m [32mhmr update [39m[2m/src/pages/LeaguePage.jsx, /src/index.css[22m
[2mPM 7:32:21[22m [36m[1m[vite][22m[39m [90m[2m(client)[22m[39m [32mhmr update [39m[2m/src/pages/LeaguePage.jsx, /src/index.css[22m
[2mPM 7:32:32[22m [36m[1m[vite][22m[39m [90m[2m(client)[22m[39m [32mhmr update [39m[2m/src/pages/LeaguePage.jsx, /src/index.css[22m
[2mPM 7:33:31[22m [36m[1m[vite][22m[39m [90m[2m(client)[22m[39m [32mhmr update [39m[2m/src/pages/LeaguePage.jsx, /src/index.css[22m
[2mPM 7:33:49[22m [36m[1m[vite][22m[39m [90m[2m(client)[22m[39m [32mhmr update [39m[2m/src/pages/LeaguePage.jsx, /src/index.css[22m
[2mPM 7:33:57[22m [36m[1m[vite][22m[39m [90m[2m(client)[22m[39m [32mhmr update [39m[2m/src/pages/LeaguePage.jsx, /src/index.css[22m
[2mPM 7:50:24[22m [36m[1m[vite][22m[39m [90m[2m(client)[22m[39m [32mhmr update [39m[2m/src/pages/LeaguePage.jsx, /src/index.css[22m
[2mPM 7:53:09[22m [36m[1m[vite][22m[39m [90m[2m(client)[22m[39m [32mhmr update [39m[2m/src/index.css[22m
[2mPM 7:54:00[22m [36m[1m[vite][22m[39m [90m[2m(client)[22m[39m [32mhmr update [39m[2m/src/index.css[22m

PWA v1.2.0
mode      generateSW
precache  2 entries (0.12 KiB)
files generated
  dev-dist/sw.js
  dev-dist/workbox-5a5d9309.js
